[27-Feb-2025 02:54:07 UTC] PHP Deprecated:  Creation of dynamic property Pagination::$route is deprecated in C:\laragon\www\agendane\app\views\partials\tb_agenda\list.php on line 303
[27-Feb-2025 02:55:13 UTC] PHP Deprecated:  Creation of dynamic property Pagination::$route is deprecated in C:\laragon\www\agendane\app\views\partials\tb_rr\list.php on line 320
[27-Feb-2025 03:03:23 UTC] PHP Deprecated:  Creation of dynamic property Pagination::$route is deprecated in C:\laragon\www\agendane\app\views\partials\tb_agenda\list.php on line 303
[27-Feb-2025 03:05:38 UTC] PHP Deprecated:  Creation of dynamic property Pagination::$route is deprecated in C:\laragon\www\agendane\app\views\partials\tb_agenda\list.php on line 303
[27-Feb-2025 03:07:42 UTC] PHP Deprecated:  Creation of dynamic property Pagination::$route is deprecated in C:\laragon\www\agendane\app\views\partials\tb_agenda\list.php on line 303
[27-Feb-2025 03:07:49 UTC] PHP Deprecated:  Creation of dynamic property Pagination::$route is deprecated in C:\laragon\www\agendane\app\views\partials\tb_rr\list.php on line 320
[27-Feb-2025 03:15:21 UTC] PHP Deprecated:  Creation of dynamic property Pagination::$route is deprecated in C:\laragon\www\agendane\app\views\partials\tb_rr\list.php on line 320
[27-Feb-2025 03:15:28 UTC] PHP Deprecated:  Creation of dynamic property Pagination::$route is deprecated in C:\laragon\www\agendane\app\views\partials\tb_agenda\list.php on line 303
[27-Feb-2025 03:19:10 UTC] PHP Deprecated:  Creation of dynamic property Pagination::$route is deprecated in C:\laragon\www\agendane\app\views\partials\tb_agenda\list.php on line 303
[27-Feb-2025 03:19:10 UTC] PHP Deprecated:  Optional parameter $paper declared before required parameter $dompdf is implicitly treated as a required parameter in C:\laragon\www\agendane\vendor\dompdf\dompdf\src\Adapter\CPDF.php on line 182
[27-Feb-2025 03:19:10 UTC] PHP Deprecated:  Optional parameter $orientation declared before required parameter $dompdf is implicitly treated as a required parameter in C:\laragon\www\agendane\vendor\dompdf\dompdf\src\Adapter\CPDF.php on line 182
[27-Feb-2025 03:19:10 UTC] PHP Deprecated:  Optional parameter $paper declared before required parameter $dompdf is implicitly treated as a required parameter in C:\laragon\www\agendane\vendor\dompdf\dompdf\src\Canvas.php on line 27
[27-Feb-2025 03:19:10 UTC] PHP Deprecated:  Optional parameter $orientation declared before required parameter $dompdf is implicitly treated as a required parameter in C:\laragon\www\agendane\vendor\dompdf\dompdf\src\Canvas.php on line 27
[27-Feb-2025 03:19:10 UTC] PHP Deprecated:  Optional parameter $w declared before required parameter $img is implicitly treated as a required parameter in C:\laragon\www\agendane\vendor\dompdf\dompdf\lib\Cpdf.php on line 4723
[27-Feb-2025 03:19:10 UTC] PHP Deprecated:  Optional parameter $h declared before required parameter $img is implicitly treated as a required parameter in C:\laragon\www\agendane\vendor\dompdf\dompdf\lib\Cpdf.php on line 4723
[27-Feb-2025 03:19:10 UTC] PHP Deprecated:  Optional parameter $w declared before required parameter $data is implicitly treated as a required parameter in C:\laragon\www\agendane\vendor\dompdf\dompdf\lib\Cpdf.php on line 5066
[27-Feb-2025 03:19:10 UTC] PHP Deprecated:  Optional parameter $h declared before required parameter $data is implicitly treated as a required parameter in C:\laragon\www\agendane\vendor\dompdf\dompdf\lib\Cpdf.php on line 5066
[27-Feb-2025 03:19:10 UTC] PHP Deprecated:  Optional parameter $w declared before required parameter $imgname is implicitly treated as a required parameter in C:\laragon\www\agendane\vendor\dompdf\dompdf\lib\Cpdf.php on line 5410
[27-Feb-2025 03:19:10 UTC] PHP Deprecated:  Optional parameter $h declared before required parameter $imgname is implicitly treated as a required parameter in C:\laragon\www\agendane\vendor\dompdf\dompdf\lib\Cpdf.php on line 5410
[27-Feb-2025 03:19:10 UTC] PHP Deprecated:  Optional parameter $channels declared before required parameter $imgname is implicitly treated as a required parameter in C:\laragon\www\agendane\vendor\dompdf\dompdf\lib\Cpdf.php on line 5410
[27-Feb-2025 03:19:10 UTC] PHP Fatal error:  Cannot redeclare tgl_indo() (previously declared in C:\laragon\www\agendane\app\views\layouts\report_layout.php:282) in C:\laragon\www\agendane\app\views\layouts\report_layout.php on line 304
[27-Feb-2025 03:20:25 UTC] PHP Deprecated:  Creation of dynamic property Pagination::$route is deprecated in C:\laragon\www\agendane\app\views\partials\tb_agenda\list.php on line 303
[27-Feb-2025 03:20:27 UTC] PHP Deprecated:  Creation of dynamic property Pagination::$route is deprecated in C:\laragon\www\agendane\app\views\partials\tb_agenda\list.php on line 303
[27-Feb-2025 03:20:27 UTC] PHP Deprecated:  Optional parameter $paper declared before required parameter $dompdf is implicitly treated as a required parameter in C:\laragon\www\agendane\vendor\dompdf\dompdf\src\Adapter\CPDF.php on line 182
[27-Feb-2025 03:20:27 UTC] PHP Deprecated:  Optional parameter $orientation declared before required parameter $dompdf is implicitly treated as a required parameter in C:\laragon\www\agendane\vendor\dompdf\dompdf\src\Adapter\CPDF.php on line 182
[27-Feb-2025 03:20:27 UTC] PHP Deprecated:  Optional parameter $paper declared before required parameter $dompdf is implicitly treated as a required parameter in C:\laragon\www\agendane\vendor\dompdf\dompdf\src\Canvas.php on line 27
[27-Feb-2025 03:20:27 UTC] PHP Deprecated:  Optional parameter $orientation declared before required parameter $dompdf is implicitly treated as a required parameter in C:\laragon\www\agendane\vendor\dompdf\dompdf\src\Canvas.php on line 27
[27-Feb-2025 03:20:27 UTC] PHP Deprecated:  Optional parameter $w declared before required parameter $img is implicitly treated as a required parameter in C:\laragon\www\agendane\vendor\dompdf\dompdf\lib\Cpdf.php on line 4723
[27-Feb-2025 03:20:27 UTC] PHP Deprecated:  Optional parameter $h declared before required parameter $img is implicitly treated as a required parameter in C:\laragon\www\agendane\vendor\dompdf\dompdf\lib\Cpdf.php on line 4723
[27-Feb-2025 03:20:27 UTC] PHP Deprecated:  Optional parameter $w declared before required parameter $data is implicitly treated as a required parameter in C:\laragon\www\agendane\vendor\dompdf\dompdf\lib\Cpdf.php on line 5066
[27-Feb-2025 03:20:27 UTC] PHP Deprecated:  Optional parameter $h declared before required parameter $data is implicitly treated as a required parameter in C:\laragon\www\agendane\vendor\dompdf\dompdf\lib\Cpdf.php on line 5066
[27-Feb-2025 03:20:27 UTC] PHP Deprecated:  Optional parameter $w declared before required parameter $imgname is implicitly treated as a required parameter in C:\laragon\www\agendane\vendor\dompdf\dompdf\lib\Cpdf.php on line 5410
[27-Feb-2025 03:20:27 UTC] PHP Deprecated:  Optional parameter $h declared before required parameter $imgname is implicitly treated as a required parameter in C:\laragon\www\agendane\vendor\dompdf\dompdf\lib\Cpdf.php on line 5410
[27-Feb-2025 03:20:27 UTC] PHP Deprecated:  Optional parameter $channels declared before required parameter $imgname is implicitly treated as a required parameter in C:\laragon\www\agendane\vendor\dompdf\dompdf\lib\Cpdf.php on line 5410
[27-Feb-2025 03:20:27 UTC] PHP Fatal error:  Cannot redeclare tgl_indo() (previously declared in C:\laragon\www\agendane\app\views\layouts\report_layout.php:282) in C:\laragon\www\agendane\app\views\layouts\report_layout.php on line 304
[27-Feb-2025 03:21:45 UTC] PHP Deprecated:  Creation of dynamic property Pagination::$route is deprecated in C:\laragon\www\agendane\app\views\partials\tb_agenda\list.php on line 303
[27-Feb-2025 03:26:00 UTC] PHP Deprecated:  Creation of dynamic property Pagination::$route is deprecated in C:\laragon\www\agendane\app\views\partials\tb_agenda\list.php on line 303
[27-Feb-2025 03:26:04 UTC] PHP Deprecated:  Creation of dynamic property Pagination::$route is deprecated in C:\laragon\www\agendane\app\views\partials\tb_agenda\list.php on line 303
[27-Feb-2025 03:26:04 UTC] PHP Deprecated:  Optional parameter $paper declared before required parameter $dompdf is implicitly treated as a required parameter in C:\laragon\www\agendane\vendor\dompdf\dompdf\src\Adapter\CPDF.php on line 182
[27-Feb-2025 03:26:04 UTC] PHP Deprecated:  Optional parameter $orientation declared before required parameter $dompdf is implicitly treated as a required parameter in C:\laragon\www\agendane\vendor\dompdf\dompdf\src\Adapter\CPDF.php on line 182
[27-Feb-2025 03:26:04 UTC] PHP Deprecated:  Optional parameter $paper declared before required parameter $dompdf is implicitly treated as a required parameter in C:\laragon\www\agendane\vendor\dompdf\dompdf\src\Canvas.php on line 27
[27-Feb-2025 03:26:04 UTC] PHP Deprecated:  Optional parameter $orientation declared before required parameter $dompdf is implicitly treated as a required parameter in C:\laragon\www\agendane\vendor\dompdf\dompdf\src\Canvas.php on line 27
[27-Feb-2025 03:26:04 UTC] PHP Deprecated:  Optional parameter $w declared before required parameter $img is implicitly treated as a required parameter in C:\laragon\www\agendane\vendor\dompdf\dompdf\lib\Cpdf.php on line 4723
[27-Feb-2025 03:26:04 UTC] PHP Deprecated:  Optional parameter $h declared before required parameter $img is implicitly treated as a required parameter in C:\laragon\www\agendane\vendor\dompdf\dompdf\lib\Cpdf.php on line 4723
[27-Feb-2025 03:26:04 UTC] PHP Deprecated:  Optional parameter $w declared before required parameter $data is implicitly treated as a required parameter in C:\laragon\www\agendane\vendor\dompdf\dompdf\lib\Cpdf.php on line 5066
[27-Feb-2025 03:26:04 UTC] PHP Deprecated:  Optional parameter $h declared before required parameter $data is implicitly treated as a required parameter in C:\laragon\www\agendane\vendor\dompdf\dompdf\lib\Cpdf.php on line 5066
[27-Feb-2025 03:26:04 UTC] PHP Deprecated:  Optional parameter $w declared before required parameter $imgname is implicitly treated as a required parameter in C:\laragon\www\agendane\vendor\dompdf\dompdf\lib\Cpdf.php on line 5410
[27-Feb-2025 03:26:04 UTC] PHP Deprecated:  Optional parameter $h declared before required parameter $imgname is implicitly treated as a required parameter in C:\laragon\www\agendane\vendor\dompdf\dompdf\lib\Cpdf.php on line 5410
[27-Feb-2025 03:26:04 UTC] PHP Deprecated:  Optional parameter $channels declared before required parameter $imgname is implicitly treated as a required parameter in C:\laragon\www\agendane\vendor\dompdf\dompdf\lib\Cpdf.php on line 5410
[27-Feb-2025 03:26:05 UTC] PHP Fatal error:  Cannot redeclare tgl_indo() (previously declared in C:\laragon\www\agendane\app\views\layouts\report_layout.php:282) in C:\laragon\www\agendane\app\views\layouts\report_layout.php on line 304
[27-Feb-2025 03:27:54 UTC] PHP Deprecated:  Creation of dynamic property Pagination::$route is deprecated in C:\laragon\www\agendane\app\views\partials\tb_agenda\list.php on line 303
[27-Feb-2025 03:27:54 UTC] PHP Deprecated:  Optional parameter $paper declared before required parameter $dompdf is implicitly treated as a required parameter in C:\laragon\www\agendane\vendor\dompdf\dompdf\src\Adapter\CPDF.php on line 182
[27-Feb-2025 03:27:54 UTC] PHP Deprecated:  Optional parameter $orientation declared before required parameter $dompdf is implicitly treated as a required parameter in C:\laragon\www\agendane\vendor\dompdf\dompdf\src\Adapter\CPDF.php on line 182
[27-Feb-2025 03:27:54 UTC] PHP Deprecated:  Optional parameter $paper declared before required parameter $dompdf is implicitly treated as a required parameter in C:\laragon\www\agendane\vendor\dompdf\dompdf\src\Canvas.php on line 27
[27-Feb-2025 03:27:54 UTC] PHP Deprecated:  Optional parameter $orientation declared before required parameter $dompdf is implicitly treated as a required parameter in C:\laragon\www\agendane\vendor\dompdf\dompdf\src\Canvas.php on line 27
[27-Feb-2025 03:27:54 UTC] PHP Deprecated:  Optional parameter $w declared before required parameter $img is implicitly treated as a required parameter in C:\laragon\www\agendane\vendor\dompdf\dompdf\lib\Cpdf.php on line 4723
[27-Feb-2025 03:27:54 UTC] PHP Deprecated:  Optional parameter $h declared before required parameter $img is implicitly treated as a required parameter in C:\laragon\www\agendane\vendor\dompdf\dompdf\lib\Cpdf.php on line 4723
[27-Feb-2025 03:27:54 UTC] PHP Deprecated:  Optional parameter $w declared before required parameter $data is implicitly treated as a required parameter in C:\laragon\www\agendane\vendor\dompdf\dompdf\lib\Cpdf.php on line 5066
[27-Feb-2025 03:27:54 UTC] PHP Deprecated:  Optional parameter $h declared before required parameter $data is implicitly treated as a required parameter in C:\laragon\www\agendane\vendor\dompdf\dompdf\lib\Cpdf.php on line 5066
[27-Feb-2025 03:27:54 UTC] PHP Deprecated:  Optional parameter $w declared before required parameter $imgname is implicitly treated as a required parameter in C:\laragon\www\agendane\vendor\dompdf\dompdf\lib\Cpdf.php on line 5410
[27-Feb-2025 03:27:54 UTC] PHP Deprecated:  Optional parameter $h declared before required parameter $imgname is implicitly treated as a required parameter in C:\laragon\www\agendane\vendor\dompdf\dompdf\lib\Cpdf.php on line 5410
[27-Feb-2025 03:27:54 UTC] PHP Deprecated:  Optional parameter $channels declared before required parameter $imgname is implicitly treated as a required parameter in C:\laragon\www\agendane\vendor\dompdf\dompdf\lib\Cpdf.php on line 5410
[27-Feb-2025 03:27:54 UTC] PHP Fatal error:  Cannot redeclare tgl_indo() (previously declared in C:\laragon\www\agendane\app\views\layouts\report_layout.php:282) in C:\laragon\www\agendane\app\views\layouts\report_layout.php on line 304
[27-Feb-2025 03:27:56 UTC] PHP Deprecated:  Creation of dynamic property Pagination::$route is deprecated in C:\laragon\www\agendane\app\views\partials\tb_agenda\list.php on line 303
[27-Feb-2025 03:27:58 UTC] PHP Deprecated:  Creation of dynamic property Pagination::$route is deprecated in C:\laragon\www\agendane\app\views\partials\tb_agenda\list.php on line 303
[27-Feb-2025 03:27:58 UTC] PHP Deprecated:  Optional parameter $paper declared before required parameter $dompdf is implicitly treated as a required parameter in C:\laragon\www\agendane\vendor\dompdf\dompdf\src\Adapter\CPDF.php on line 182
[27-Feb-2025 03:27:58 UTC] PHP Deprecated:  Optional parameter $orientation declared before required parameter $dompdf is implicitly treated as a required parameter in C:\laragon\www\agendane\vendor\dompdf\dompdf\src\Adapter\CPDF.php on line 182
[27-Feb-2025 03:27:58 UTC] PHP Deprecated:  Optional parameter $paper declared before required parameter $dompdf is implicitly treated as a required parameter in C:\laragon\www\agendane\vendor\dompdf\dompdf\src\Canvas.php on line 27
[27-Feb-2025 03:27:58 UTC] PHP Deprecated:  Optional parameter $orientation declared before required parameter $dompdf is implicitly treated as a required parameter in C:\laragon\www\agendane\vendor\dompdf\dompdf\src\Canvas.php on line 27
[27-Feb-2025 03:27:58 UTC] PHP Deprecated:  Optional parameter $w declared before required parameter $img is implicitly treated as a required parameter in C:\laragon\www\agendane\vendor\dompdf\dompdf\lib\Cpdf.php on line 4723
[27-Feb-2025 03:27:58 UTC] PHP Deprecated:  Optional parameter $h declared before required parameter $img is implicitly treated as a required parameter in C:\laragon\www\agendane\vendor\dompdf\dompdf\lib\Cpdf.php on line 4723
[27-Feb-2025 03:27:58 UTC] PHP Deprecated:  Optional parameter $w declared before required parameter $data is implicitly treated as a required parameter in C:\laragon\www\agendane\vendor\dompdf\dompdf\lib\Cpdf.php on line 5066
[27-Feb-2025 03:27:58 UTC] PHP Deprecated:  Optional parameter $h declared before required parameter $data is implicitly treated as a required parameter in C:\laragon\www\agendane\vendor\dompdf\dompdf\lib\Cpdf.php on line 5066
[27-Feb-2025 03:27:58 UTC] PHP Deprecated:  Optional parameter $w declared before required parameter $imgname is implicitly treated as a required parameter in C:\laragon\www\agendane\vendor\dompdf\dompdf\lib\Cpdf.php on line 5410
[27-Feb-2025 03:27:58 UTC] PHP Deprecated:  Optional parameter $h declared before required parameter $imgname is implicitly treated as a required parameter in C:\laragon\www\agendane\vendor\dompdf\dompdf\lib\Cpdf.php on line 5410
[27-Feb-2025 03:27:58 UTC] PHP Deprecated:  Optional parameter $channels declared before required parameter $imgname is implicitly treated as a required parameter in C:\laragon\www\agendane\vendor\dompdf\dompdf\lib\Cpdf.php on line 5410
[27-Feb-2025 03:27:58 UTC] PHP Fatal error:  Cannot redeclare tgl_indo() (previously declared in C:\laragon\www\agendane\app\views\layouts\report_layout.php:282) in C:\laragon\www\agendane\app\views\layouts\report_layout.php on line 304
[27-Feb-2025 03:28:02 UTC] PHP Deprecated:  Creation of dynamic property Pagination::$route is deprecated in C:\laragon\www\agendane\app\views\partials\tb_agenda\list.php on line 303
[27-Feb-2025 03:29:14 UTC] PHP Deprecated:  Creation of dynamic property Pagination::$route is deprecated in C:\laragon\www\agendane\app\views\partials\tb_agenda\list.php on line 303
[27-Feb-2025 03:29:17 UTC] PHP Deprecated:  Creation of dynamic property Pagination::$route is deprecated in C:\laragon\www\agendane\app\views\partials\tb_agenda\list.php on line 303
[27-Feb-2025 03:29:19 UTC] PHP Deprecated:  Creation of dynamic property Pagination::$route is deprecated in C:\laragon\www\agendane\app\views\partials\tb_agenda\list.php on line 303
[27-Feb-2025 03:29:19 UTC] PHP Deprecated:  Optional parameter $paper declared before required parameter $dompdf is implicitly treated as a required parameter in C:\laragon\www\agendane\vendor\dompdf\dompdf\src\Adapter\CPDF.php on line 182
[27-Feb-2025 03:29:19 UTC] PHP Deprecated:  Optional parameter $orientation declared before required parameter $dompdf is implicitly treated as a required parameter in C:\laragon\www\agendane\vendor\dompdf\dompdf\src\Adapter\CPDF.php on line 182
[27-Feb-2025 03:29:19 UTC] PHP Deprecated:  Optional parameter $paper declared before required parameter $dompdf is implicitly treated as a required parameter in C:\laragon\www\agendane\vendor\dompdf\dompdf\src\Canvas.php on line 27
[27-Feb-2025 03:29:19 UTC] PHP Deprecated:  Optional parameter $orientation declared before required parameter $dompdf is implicitly treated as a required parameter in C:\laragon\www\agendane\vendor\dompdf\dompdf\src\Canvas.php on line 27
[27-Feb-2025 03:29:19 UTC] PHP Deprecated:  Optional parameter $w declared before required parameter $img is implicitly treated as a required parameter in C:\laragon\www\agendane\vendor\dompdf\dompdf\lib\Cpdf.php on line 4723
[27-Feb-2025 03:29:19 UTC] PHP Deprecated:  Optional parameter $h declared before required parameter $img is implicitly treated as a required parameter in C:\laragon\www\agendane\vendor\dompdf\dompdf\lib\Cpdf.php on line 4723
[27-Feb-2025 03:29:19 UTC] PHP Deprecated:  Optional parameter $w declared before required parameter $data is implicitly treated as a required parameter in C:\laragon\www\agendane\vendor\dompdf\dompdf\lib\Cpdf.php on line 5066
[27-Feb-2025 03:29:19 UTC] PHP Deprecated:  Optional parameter $h declared before required parameter $data is implicitly treated as a required parameter in C:\laragon\www\agendane\vendor\dompdf\dompdf\lib\Cpdf.php on line 5066
[27-Feb-2025 03:29:19 UTC] PHP Deprecated:  Optional parameter $w declared before required parameter $imgname is implicitly treated as a required parameter in C:\laragon\www\agendane\vendor\dompdf\dompdf\lib\Cpdf.php on line 5410
[27-Feb-2025 03:29:19 UTC] PHP Deprecated:  Optional parameter $h declared before required parameter $imgname is implicitly treated as a required parameter in C:\laragon\www\agendane\vendor\dompdf\dompdf\lib\Cpdf.php on line 5410
[27-Feb-2025 03:29:19 UTC] PHP Deprecated:  Optional parameter $channels declared before required parameter $imgname is implicitly treated as a required parameter in C:\laragon\www\agendane\vendor\dompdf\dompdf\lib\Cpdf.php on line 5410
[27-Feb-2025 03:29:19 UTC] PHP Fatal error:  Cannot redeclare tgl_indo() (previously declared in C:\laragon\www\agendane\app\views\layouts\report_layout.php:282) in C:\laragon\www\agendane\app\views\layouts\report_layout.php on line 304
[27-Feb-2025 03:30:44 UTC] PHP Deprecated:  htmlspecialchars(): Passing null to parameter #1 ($string) of type string is deprecated in C:\laragon\www\agendane\libs\XLSXWriter.php on line 760
[27-Feb-2025 03:30:44 UTC] PHP Deprecated:  htmlspecialchars(): Passing null to parameter #1 ($string) of type string is deprecated in C:\laragon\www\agendane\libs\XLSXWriter.php on line 760
[27-Feb-2025 03:30:44 UTC] PHP Deprecated:  htmlspecialchars(): Passing null to parameter #1 ($string) of type string is deprecated in C:\laragon\www\agendane\libs\XLSXWriter.php on line 760
[27-Feb-2025 03:30:44 UTC] PHP Deprecated:  htmlspecialchars(): Passing null to parameter #1 ($string) of type string is deprecated in C:\laragon\www\agendane\libs\XLSXWriter.php on line 760
[27-Feb-2025 03:31:52 UTC] PHP Deprecated:  Creation of dynamic property Pagination::$route is deprecated in C:\laragon\www\agendane\app\views\partials\tb_agenda\list.php on line 303
[27-Feb-2025 03:31:52 UTC] PHP Deprecated:  Optional parameter $paper declared before required parameter $dompdf is implicitly treated as a required parameter in C:\laragon\www\agendane\vendor\dompdf\dompdf\src\Adapter\CPDF.php on line 182
[27-Feb-2025 03:31:52 UTC] PHP Deprecated:  Optional parameter $orientation declared before required parameter $dompdf is implicitly treated as a required parameter in C:\laragon\www\agendane\vendor\dompdf\dompdf\src\Adapter\CPDF.php on line 182
[27-Feb-2025 03:31:52 UTC] PHP Deprecated:  Optional parameter $paper declared before required parameter $dompdf is implicitly treated as a required parameter in C:\laragon\www\agendane\vendor\dompdf\dompdf\src\Canvas.php on line 27
[27-Feb-2025 03:31:52 UTC] PHP Deprecated:  Optional parameter $orientation declared before required parameter $dompdf is implicitly treated as a required parameter in C:\laragon\www\agendane\vendor\dompdf\dompdf\src\Canvas.php on line 27
[27-Feb-2025 03:31:52 UTC] PHP Deprecated:  Optional parameter $w declared before required parameter $img is implicitly treated as a required parameter in C:\laragon\www\agendane\vendor\dompdf\dompdf\lib\Cpdf.php on line 4723
[27-Feb-2025 03:31:52 UTC] PHP Deprecated:  Optional parameter $h declared before required parameter $img is implicitly treated as a required parameter in C:\laragon\www\agendane\vendor\dompdf\dompdf\lib\Cpdf.php on line 4723
[27-Feb-2025 03:31:52 UTC] PHP Deprecated:  Optional parameter $w declared before required parameter $data is implicitly treated as a required parameter in C:\laragon\www\agendane\vendor\dompdf\dompdf\lib\Cpdf.php on line 5066
[27-Feb-2025 03:31:52 UTC] PHP Deprecated:  Optional parameter $h declared before required parameter $data is implicitly treated as a required parameter in C:\laragon\www\agendane\vendor\dompdf\dompdf\lib\Cpdf.php on line 5066
[27-Feb-2025 03:31:52 UTC] PHP Deprecated:  Optional parameter $w declared before required parameter $imgname is implicitly treated as a required parameter in C:\laragon\www\agendane\vendor\dompdf\dompdf\lib\Cpdf.php on line 5410
[27-Feb-2025 03:31:52 UTC] PHP Deprecated:  Optional parameter $h declared before required parameter $imgname is implicitly treated as a required parameter in C:\laragon\www\agendane\vendor\dompdf\dompdf\lib\Cpdf.php on line 5410
[27-Feb-2025 03:31:52 UTC] PHP Deprecated:  Optional parameter $channels declared before required parameter $imgname is implicitly treated as a required parameter in C:\laragon\www\agendane\vendor\dompdf\dompdf\lib\Cpdf.php on line 5410
[27-Feb-2025 03:31:52 UTC] PHP Fatal error:  Cannot redeclare tgl_indo() (previously declared in C:\laragon\www\agendane\app\views\layouts\report_layout.php:282) in C:\laragon\www\agendane\app\views\layouts\report_layout.php on line 304
[27-Feb-2025 03:35:10 UTC] PHP Deprecated:  Creation of dynamic property Pagination::$route is deprecated in C:\laragon\www\agendane\app\views\partials\tb_agenda\list.php on line 303
[27-Feb-2025 03:35:13 UTC] PHP Deprecated:  Creation of dynamic property Pagination::$route is deprecated in C:\laragon\www\agendane\app\views\partials\tb_agenda\list.php on line 303
[27-Feb-2025 03:35:13 UTC] PHP Deprecated:  Optional parameter $paper declared before required parameter $dompdf is implicitly treated as a required parameter in C:\laragon\www\agendane\vendor\dompdf\dompdf\src\Adapter\CPDF.php on line 182
[27-Feb-2025 03:35:13 UTC] PHP Deprecated:  Optional parameter $orientation declared before required parameter $dompdf is implicitly treated as a required parameter in C:\laragon\www\agendane\vendor\dompdf\dompdf\src\Adapter\CPDF.php on line 182
[27-Feb-2025 03:35:13 UTC] PHP Deprecated:  Optional parameter $paper declared before required parameter $dompdf is implicitly treated as a required parameter in C:\laragon\www\agendane\vendor\dompdf\dompdf\src\Canvas.php on line 27
[27-Feb-2025 03:35:13 UTC] PHP Deprecated:  Optional parameter $orientation declared before required parameter $dompdf is implicitly treated as a required parameter in C:\laragon\www\agendane\vendor\dompdf\dompdf\src\Canvas.php on line 27
[27-Feb-2025 03:35:13 UTC] PHP Deprecated:  Optional parameter $w declared before required parameter $img is implicitly treated as a required parameter in C:\laragon\www\agendane\vendor\dompdf\dompdf\lib\Cpdf.php on line 4723
[27-Feb-2025 03:35:13 UTC] PHP Deprecated:  Optional parameter $h declared before required parameter $img is implicitly treated as a required parameter in C:\laragon\www\agendane\vendor\dompdf\dompdf\lib\Cpdf.php on line 4723
[27-Feb-2025 03:35:13 UTC] PHP Deprecated:  Optional parameter $w declared before required parameter $data is implicitly treated as a required parameter in C:\laragon\www\agendane\vendor\dompdf\dompdf\lib\Cpdf.php on line 5066
[27-Feb-2025 03:35:13 UTC] PHP Deprecated:  Optional parameter $h declared before required parameter $data is implicitly treated as a required parameter in C:\laragon\www\agendane\vendor\dompdf\dompdf\lib\Cpdf.php on line 5066
[27-Feb-2025 03:35:13 UTC] PHP Deprecated:  Optional parameter $w declared before required parameter $imgname is implicitly treated as a required parameter in C:\laragon\www\agendane\vendor\dompdf\dompdf\lib\Cpdf.php on line 5410
[27-Feb-2025 03:35:13 UTC] PHP Deprecated:  Optional parameter $h declared before required parameter $imgname is implicitly treated as a required parameter in C:\laragon\www\agendane\vendor\dompdf\dompdf\lib\Cpdf.php on line 5410
[27-Feb-2025 03:35:13 UTC] PHP Deprecated:  Optional parameter $channels declared before required parameter $imgname is implicitly treated as a required parameter in C:\laragon\www\agendane\vendor\dompdf\dompdf\lib\Cpdf.php on line 5410
[27-Feb-2025 03:35:13 UTC] PHP Fatal error:  Cannot redeclare tgl_indo() (previously declared in C:\laragon\www\agendane\app\views\layouts\report_layout.php:282) in C:\laragon\www\agendane\app\views\layouts\report_layout.php on line 304
[27-Feb-2025 03:37:22 UTC] PHP Deprecated:  Creation of dynamic property Pagination::$route is deprecated in C:\laragon\www\agendane\app\views\partials\tb_agenda\list.php on line 303
[27-Feb-2025 03:37:24 UTC] PHP Deprecated:  Creation of dynamic property Pagination::$route is deprecated in C:\laragon\www\agendane\app\views\partials\tb_agenda\list.php on line 303
[27-Feb-2025 03:37:24 UTC] PHP Fatal error:  Cannot redeclare tgl_indo() (previously declared in C:\laragon\www\agendane\app\views\layouts\report_layout.php:282) in C:\laragon\www\agendane\app\views\layouts\report_layout.php on line 304
[27-Feb-2025 04:13:49 UTC] PHP Deprecated:  Creation of dynamic property Pagination::$route is deprecated in C:\laragon\www\agendane\app\views\partials\tb_agenda\list.php on line 303
[27-Feb-2025 04:13:55 UTC] PHP Deprecated:  Creation of dynamic property Pagination::$route is deprecated in C:\laragon\www\agendane\app\views\partials\tb_agenda\list.php on line 303
[27-Feb-2025 04:13:55 UTC] PHP Fatal error:  Cannot redeclare tgl_indo() (previously declared in C:\laragon\www\agendane\app\views\layouts\report_layout.php:282) in C:\laragon\www\agendane\app\views\layouts\report_layout.php on line 304
[27-Feb-2025 04:20:37 UTC] PHP Deprecated:  Creation of dynamic property Pagination::$route is deprecated in C:\laragon\www\agendane\app\views\partials\tb_agenda\list.php on line 303
[27-Feb-2025 04:20:40 UTC] PHP Deprecated:  Creation of dynamic property Pagination::$route is deprecated in C:\laragon\www\agendane\app\views\partials\tb_agenda\list.php on line 303
